This is pdfTeX, Version 3.141592653-2.6-1.40.26 (TeX Live 2024) (preloaded format=pdflatex 2024.7.29)  11 DEC 2025 16:23
entering extended mode
 restricted \write18 enabled.
 %&-line parsing enabled.
**draft/main.tex
(./draft/main.tex
LaTeX2e <2023-11-01> patch level 1
L3 programming layer <2024-02-20>
(/usr/local/texlive/2024/texmf-dist/tex/latex/base/article.cls
Document Class: article 2023/05/17 v1.4n Standard LaTeX document class
(/usr/local/texlive/2024/texmf-dist/tex/latex/base/size12.clo
File: size12.clo 2023/05/17 v1.4n Standard LaTeX file (size option)
)
\c@part=\count188
\c@section=\count189
\c@subsection=\count190
\c@subsubsection=\count191
\c@paragraph=\count192
\c@subparagraph=\count193
\c@figure=\count194
\c@table=\count195
\abovecaptionskip=\skip48
\belowcaptionskip=\skip49
\bibindent=\dimen140
)
(/usr/local/texlive/2024/texmf-dist/tex/latex/amsfonts/amssymb.sty
Package: amssymb 2013/01/14 v3.01 AMS font symbols

(/usr/local/texlive/2024/texmf-dist/tex/latex/amsfonts/amsfonts.sty
Package: amsfonts 2013/01/14 v3.01 Basic AMSFonts support
\@emptytoks=\toks17
\symAMSa=\mathgroup4
\symAMSb=\mathgroup5
LaTeX Font Info:    Redeclaring math symbol \hbar on input line 98.
LaTeX Font Info:    Overwriting math alphabet `\mathfrak' in version `bold'
(Font)                  U/euf/m/n --> U/euf/b/n on input line 106.
))
(/usr/local/texlive/2024/texmf-dist/tex/latex/amsmath/amsmath.sty
Package: amsmath 2023/05/13 v2.17o AMS math features
\@mathmargin=\skip50

For additional information on amsmath, use the `?' option.
(/usr/local/texlive/2024/texmf-dist/tex/latex/amsmath/amstext.sty
Package: amstext 2021/08/26 v2.01 AMS text

(/usr/local/texlive/2024/texmf-dist/tex/latex/amsmath/amsgen.sty
File: amsgen.sty 1999/11/30 v2.0 generic functions
\@emptytoks=\toks18
\ex@=\dimen141
))
(/usr/local/texlive/2024/texmf-dist/tex/latex/amsmath/amsbsy.sty
Package: amsbsy 1999/11/29 v1.2d Bold Symbols
\pmbraise@=\dimen142
)
(/usr/local/texlive/2024/texmf-dist/tex/latex/amsmath/amsopn.sty
Package: amsopn 2022/04/08 v2.04 operator names
)
\inf@bad=\count196
LaTeX Info: Redefining \frac on input line 234.
\uproot@=\count197
\leftroot@=\count198
LaTeX Info: Redefining \overline on input line 399.
LaTeX Info: Redefining \colon on input line 410.
\classnum@=\count199
\DOTSCASE@=\count266
LaTeX Info: Redefining \ldots on input line 496.
LaTeX Info: Redefining \dots on input line 499.
LaTeX Info: Redefining \cdots on input line 620.
\Mathstrutbox@=\box51
\strutbox@=\box52
LaTeX Info: Redefining \big on input line 722.
LaTeX Info: Redefining \Big on input line 723.
LaTeX Info: Redefining \bigg on input line 724.
LaTeX Info: Redefining \Bigg on input line 725.
\big@size=\dimen143
LaTeX Font Info:    Redeclaring font encoding OML on input line 743.
LaTeX Font Info:    Redeclaring font encoding OMS on input line 744.
\macc@depth=\count267
LaTeX Info: Redefining \bmod on input line 905.
LaTeX Info: Redefining \pmod on input line 910.
LaTeX Info: Redefining \smash on input line 940.
LaTeX Info: Redefining \relbar on input line 970.
LaTeX Info: Redefining \Relbar on input line 971.
\c@MaxMatrixCols=\count268
\dotsspace@=\muskip16
\c@parentequation=\count269
\dspbrk@lvl=\count270
\tag@help=\toks19
\row@=\count271
\column@=\count272
\maxfields@=\count273
\andhelp@=\toks20
\eqnshift@=\dimen144
\alignsep@=\dimen145
\tagshift@=\dimen146
\tagwidth@=\dimen147
\totwidth@=\dimen148
\lineht@=\dimen149
\@envbody=\toks21
\multlinegap=\skip51
\multlinetaggap=\skip52
\mathdisplay@stack=\toks22
LaTeX Info: Redefining \[ on input line 2953.
LaTeX Info: Redefining \] on input line 2954.
)
(/usr/local/texlive/2024/texmf-dist/tex/latex/eurosym/eurosym.sty
Package: eurosym 1998/08/06 v1.1 European currency symbol ``Euro''
\@eurobox=\box53
)
(/usr/local/texlive/2024/texmf-dist/tex/latex/geometry/geometry.sty
Package: geometry 2020/01/02 v5.9 Page Geometry

(/usr/local/texlive/2024/texmf-dist/tex/latex/graphics/keyval.sty
Package: keyval 2022/05/29 v1.15 key=value parser (DPC)
\KV@toks@=\toks23
)
(/usr/local/texlive/2024/texmf-dist/tex/generic/iftex/ifvtex.sty
Package: ifvtex 2019/10/25 v1.7 ifvtex legacy package. Use iftex instead.

(/usr/local/texlive/2024/texmf-dist/tex/generic/iftex/iftex.sty
Package: iftex 2022/02/03 v1.0f TeX engine tests
))
\Gm@cnth=\count274
\Gm@cntv=\count275
\c@Gm@tempcnt=\count276
\Gm@bindingoffset=\dimen150
\Gm@wd@mp=\dimen151
\Gm@odd@mp=\dimen152
\Gm@even@mp=\dimen153
\Gm@layoutwidth=\dimen154
\Gm@layoutheight=\dimen155
\Gm@layouthoffset=\dimen156
\Gm@layoutvoffset=\dimen157
\Gm@dimlist=\toks24
)
(/usr/local/texlive/2024/texmf-dist/tex/generic/ulem/ulem.sty
\UL@box=\box54
\UL@hyphenbox=\box55
\UL@skip=\skip53
\UL@hook=\toks25
\UL@height=\dimen158
\UL@pe=\count277
\UL@pixel=\dimen159
\ULC@box=\box56
Package: ulem 2019/11/18
\ULdepth=\dimen160
)
(/usr/local/texlive/2024/texmf-dist/tex/latex/graphics/graphicx.sty
Package: graphicx 2021/09/16 v1.2d Enhanced LaTeX Graphics (DPC,SPQR)

(/usr/local/texlive/2024/texmf-dist/tex/latex/graphics/graphics.sty
Package: graphics 2022/03/10 v1.4e Standard LaTeX Graphics (DPC,SPQR)

(/usr/local/texlive/2024/texmf-dist/tex/latex/graphics/trig.sty
Package: trig 2021/08/11 v1.11 sin cos tan (DPC)
)
(/usr/local/texlive/2024/texmf-dist/tex/latex/graphics-cfg/graphics.cfg
File: graphics.cfg 2016/06/04 v1.11 sample graphics configuration
)
Package graphics Info: Driver file: pdftex.def on input line 107.

(/usr/local/texlive/2024/texmf-dist/tex/latex/graphics-def/pdftex.def
File: pdftex.def 2022/09/22 v1.2b Graphics/color driver for pdftex
))
\Gin@req@height=\dimen161
\Gin@req@width=\dimen162
)
(/usr/local/texlive/2024/texmf-dist/tex/latex/caption/caption.sty
Package: caption 2023/08/05 v3.6o Customizing captions (AR)

(/usr/local/texlive/2024/texmf-dist/tex/latex/caption/caption3.sty
Package: caption3 2023/07/31 v2.4d caption3 kernel (AR)
\caption@tempdima=\dimen163
\captionmargin=\dimen164
\caption@leftmargin=\dimen165
\caption@rightmargin=\dimen166
\caption@width=\dimen167
\caption@indent=\dimen168
\caption@parindent=\dimen169
\caption@hangindent=\dimen170
Package caption Info: Standard document class detected.
)
\c@caption@flags=\count278
\c@continuedfloat=\count279
)
(/usr/local/texlive/2024/texmf-dist/tex/latex/graphics/color.sty
Package: color 2022/01/06 v1.3d Standard LaTeX Color (DPC)

(/usr/local/texlive/2024/texmf-dist/tex/latex/graphics-cfg/color.cfg
File: color.cfg 2016/01/02 v1.6 sample color configuration
)
Package color Info: Driver file: pdftex.def on input line 149.

(/usr/local/texlive/2024/texmf-dist/tex/latex/graphics/mathcolor.ltx))
(/usr/local/texlive/2024/texmf-dist/tex/latex/setspace/setspace.sty
Package: setspace 2022/12/04 v6.7b set line spacing
)
(/usr/local/texlive/2024/texmf-dist/tex/latex/sectsty/sectsty.sty
Package: sectsty 2002/02/25 v2.0.2 Commands to change all sectional heading sty
les


LaTeX Warning: Command \underbar  has changed.
               Check if current package is valid.


LaTeX Warning: Command \underline  has changed.
               Check if current package is valid.

) (/usr/local/texlive/2024/texmf-dist/tex/latex/comment/comment.sty
\CommentStream=\write3

Excluding comment 'comment')
(/usr/local/texlive/2024/texmf-dist/tex/latex/footmisc/footmisc.sty
Package: footmisc 2023/07/05 v6.0f a miscellany of footnote facilities
\FN@temptoken=\toks26
\footnotemargin=\dimen171
\@outputbox@depth=\dimen172
Package footmisc Info: Declaring symbol style bringhurst on input line 696.
Package footmisc Info: Declaring symbol style chicago on input line 704.
Package footmisc Info: Declaring symbol style wiley on input line 713.
Package footmisc Info: Declaring symbol style lamport-robust on input line 724.

Package footmisc Info: Declaring symbol style lamport* on input line 744.
Package footmisc Info: Declaring symbol style lamport*-robust on input line 765
.
)
(/usr/local/texlive/2024/texmf-dist/tex/latex/natbib/natbib.sty
Package: natbib 2010/09/13 8.31b (PWD, AO)
\bibhang=\skip54
\bibsep=\skip55
LaTeX Info: Redefining \cite on input line 694.
\c@NAT@ctr=\count280
)
(/usr/local/texlive/2024/texmf-dist/tex/latex/pdflscape/pdflscape.sty
Package: pdflscape 2022-10-27 v0.13 Display of landscape pages in PDF

(/usr/local/texlive/2024/texmf-dist/tex/latex/pdflscape/pdflscape-nometadata.st
y
Package: pdflscape-nometadata 2022-10-28 v0.13 Display of landscape pages in PD
F (HO)
 (/usr/local/texlive/2024/texmf-dist/tex/latex/graphics/lscape.sty
Package: lscape 2020/05/28 v3.02 Landscape Pages (DPC)
)
Package pdflscape Info: Auto-detected driver: pdftex on input line 81.
))
(/usr/local/texlive/2024/texmf-dist/tex/latex/subfigure/subfigure.sty
Package: subfigure 2002/03/15 v2.1.5 subfigure package
\subfigtopskip=\skip56
\subfigcapskip=\skip57
\subfigcaptopadj=\dimen173
\subfigbottomskip=\skip58
\subfigcapmargin=\dimen174
\subfiglabelskip=\skip59
\c@subfigure=\count281
\c@lofdepth=\count282
\c@subtable=\count283
\c@lotdepth=\count284

****************************************
* Local config file subfigure.cfg used *
****************************************
(/usr/local/texlive/2024/texmf-dist/tex/latex/subfigure/subfigure.cfg)
\subfig@top=\skip60
\subfig@bottom=\skip61
)
(/usr/local/texlive/2024/texmf-dist/tex/latex/tools/array.sty
Package: array 2023/10/16 v2.5g Tabular extension package (FMi)
\col@sep=\dimen175
\ar@mcellbox=\box57
\extrarowheight=\dimen176
\NC@list=\toks27
\extratabsurround=\skip62
\backup@length=\skip63
\ar@cellbox=\box58
)
(/usr/local/texlive/2024/texmf-dist/tex/latex/hyperref/hyperref.sty
Package: hyperref 2024-01-20 v7.01h Hypertext links for LaTeX

(/usr/local/texlive/2024/texmf-dist/tex/latex/kvsetkeys/kvsetkeys.sty
Package: kvsetkeys 2022-10-05 v1.19 Key value parser (HO)
)
(/usr/local/texlive/2024/texmf-dist/tex/generic/kvdefinekeys/kvdefinekeys.sty
Package: kvdefinekeys 2019-12-19 v1.6 Define keys (HO)
)
(/usr/local/texlive/2024/texmf-dist/tex/generic/pdfescape/pdfescape.sty
Package: pdfescape 2019/12/09 v1.15 Implements pdfTeX's escape features (HO)

(/usr/local/texlive/2024/texmf-dist/tex/generic/ltxcmds/ltxcmds.sty
Package: ltxcmds 2023-12-04 v1.26 LaTeX kernel commands for general use (HO)
)
(/usr/local/texlive/2024/texmf-dist/tex/generic/pdftexcmds/pdftexcmds.sty
Package: pdftexcmds 2020-06-27 v0.33 Utility functions of pdfTeX for LuaTeX (HO
)

(/usr/local/texlive/2024/texmf-dist/tex/generic/infwarerr/infwarerr.sty
Package: infwarerr 2019/12/03 v1.5 Providing info/warning/error messages (HO)
)
Package pdftexcmds Info: \pdf@primitive is available.
Package pdftexcmds Info: \pdf@ifprimitive is available.
Package pdftexcmds Info: \pdfdraftmode found.
))
(/usr/local/texlive/2024/texmf-dist/tex/latex/hycolor/hycolor.sty
Package: hycolor 2020-01-27 v1.10 Color options for hyperref/bookmark (HO)
)
(/usr/local/texlive/2024/texmf-dist/tex/latex/auxhook/auxhook.sty
Package: auxhook 2019-12-17 v1.6 Hooks for auxiliary files (HO)
)
(/usr/local/texlive/2024/texmf-dist/tex/latex/hyperref/nameref.sty
Package: nameref 2023-11-26 v2.56 Cross-referencing by name of section

(/usr/local/texlive/2024/texmf-dist/tex/latex/refcount/refcount.sty
Package: refcount 2019/12/15 v3.6 Data extraction from label references (HO)
)
(/usr/local/texlive/2024/texmf-dist/tex/generic/gettitlestring/gettitlestring.s
ty
Package: gettitlestring 2019/12/15 v1.6 Cleanup title references (HO)
 (/usr/local/texlive/2024/texmf-dist/tex/latex/kvoptions/kvoptions.sty
Package: kvoptions 2022-06-15 v3.15 Key value format for package options (HO)
))
\c@section@level=\count285
)
(/usr/local/texlive/2024/texmf-dist/tex/latex/etoolbox/etoolbox.sty
Package: etoolbox 2020/10/05 v2.5k e-TeX tools for LaTeX (JAW)
\etb@tempcnta=\count286
)
\@linkdim=\dimen177
\Hy@linkcounter=\count287
\Hy@pagecounter=\count288

(/usr/local/texlive/2024/texmf-dist/tex/latex/hyperref/pd1enc.def
File: pd1enc.def 2024-01-20 v7.01h Hyperref: PDFDocEncoding definition (HO)
Now handling font encoding PD1 ...
... no UTF-8 mapping file for font encoding PD1
)
(/usr/local/texlive/2024/texmf-dist/tex/generic/intcalc/intcalc.sty
Package: intcalc 2019/12/15 v1.3 Expandable calculations with integers (HO)
)
\Hy@SavedSpaceFactor=\count289

(/usr/local/texlive/2024/texmf-dist/tex/latex/hyperref/puenc.def
File: puenc.def 2024-01-20 v7.01h Hyperref: PDF Unicode definition (HO)
Now handling font encoding PU ...
... no UTF-8 mapping file for font encoding PU
)
Package hyperref Info: Hyper figures OFF on input line 4179.
Package hyperref Info: Link nesting OFF on input line 4184.
Package hyperref Info: Hyper index ON on input line 4187.
Package hyperref Info: Plain pages OFF on input line 4194.
Package hyperref Info: Backreferencing OFF on input line 4199.
Package hyperref Info: Implicit mode ON; LaTeX internals redefined.
Package hyperref Info: Bookmarks ON on input line 4446.
\c@Hy@tempcnt=\count290

(/usr/local/texlive/2024/texmf-dist/tex/latex/url/url.sty
\Urlmuskip=\muskip17
Package: url 2013/09/16  ver 3.4  Verb mode for urls, etc.
)
LaTeX Info: Redefining \url on input line 4784.
\XeTeXLinkMargin=\dimen178

(/usr/local/texlive/2024/texmf-dist/tex/generic/bitset/bitset.sty
Package: bitset 2019/12/09 v1.3 Handle bit-vector datatype (HO)

(/usr/local/texlive/2024/texmf-dist/tex/generic/bigintcalc/bigintcalc.sty
Package: bigintcalc 2019/12/15 v1.5 Expandable calculations on big integers (HO
)
))
\Fld@menulength=\count291
\Field@Width=\dimen179
\Fld@charsize=\dimen180
Package hyperref Info: Hyper figures OFF on input line 6063.
Package hyperref Info: Link nesting OFF on input line 6068.
Package hyperref Info: Hyper index ON on input line 6071.
Package hyperref Info: backreferencing OFF on input line 6078.
Package hyperref Info: Link coloring OFF on input line 6083.
Package hyperref Info: Link coloring with OCG OFF on input line 6088.
Package hyperref Info: PDF/A mode OFF on input line 6093.

(/usr/local/texlive/2024/texmf-dist/tex/latex/base/atbegshi-ltx.sty
Package: atbegshi-ltx 2021/01/10 v1.0c Emulation of the original atbegshi
package with kernel methods
)
\Hy@abspage=\count292
\c@Item=\count293
\c@Hfootnote=\count294
)
Package hyperref Info: Driver (autodetected): hpdftex.

(/usr/local/texlive/2024/texmf-dist/tex/latex/hyperref/hpdftex.def
File: hpdftex.def 2024-01-20 v7.01h Hyperref driver for pdfTeX

(/usr/local/texlive/2024/texmf-dist/tex/latex/base/atveryend-ltx.sty
Package: atveryend-ltx 2020/08/19 v1.0a Emulation of the original atveryend pac
kage
with kernel methods
)
\Fld@listcount=\count295
\c@bookmark@seq@number=\count296

(/usr/local/texlive/2024/texmf-dist/tex/latex/rerunfilecheck/rerunfilecheck.sty
Package: rerunfilecheck 2022-07-10 v1.10 Rerun checks for auxiliary files (HO)

(/usr/local/texlive/2024/texmf-dist/tex/generic/uniquecounter/uniquecounter.sty
Package: uniquecounter 2019/12/15 v1.4 Provide unlimited unique counter (HO)
)
Package uniquecounter Info: New unique counter `rerunfilecheck' on input line 2
85.
)
\Hy@SectionHShift=\skip64
) (/usr/local/texlive/2024/texmf-dist/tex/latex/appendix/appendix.sty
Package: appendix 2020/02/08 v1.2c extra appendix facilities
\c@@pps=\count297
\c@@ppsavesec=\count298
\c@@ppsaveapp=\count299
)
(/usr/local/texlive/2024/texmf-dist/tex/latex/bbm-macros/bbm.sty
Package: bbm 1999/03/15 V 1.2 provides fonts for set symbols - TH
LaTeX Font Info:    Overwriting math alphabet `\mathbbm' in version `bold'
(Font)                  U/bbm/m/n --> U/bbm/bx/n on input line 33.
LaTeX Font Info:    Overwriting math alphabet `\mathbbmss' in version `bold'
(Font)                  U/bbmss/m/n --> U/bbmss/bx/n on input line 35.
)
(/usr/local/texlive/2024/texmf-dist/tex/latex/booktabs/booktabs.sty
Package: booktabs 2020/01/12 v1.61803398 Publication quality tables
\heavyrulewidth=\dimen181
\lightrulewidth=\dimen182
\cmidrulewidth=\dimen183
\belowrulesep=\dimen184
\belowbottomsep=\dimen185
\aboverulesep=\dimen186
\abovetopsep=\dimen187
\cmidrulesep=\dimen188
\cmidrulekern=\dimen189
\defaultaddspace=\dimen190
\@cmidla=\count300
\@cmidlb=\count301
\@aboverulesep=\dimen191
\@belowrulesep=\dimen192
\@thisruleclass=\count302
\@lastruleclass=\count303
\@thisrulewidth=\dimen193
)
(/usr/local/texlive/2024/texmf-dist/tex/latex/siunitx/siunitx.sty
Package: siunitx 2024-02-15 v3.3.12 A comprehensive (SI) units package
\l__siunitx_number_uncert_offset_int=\count304
\l__siunitx_number_exponent_fixed_int=\count305
\l__siunitx_number_min_decimal_int=\count306
\l__siunitx_number_min_integer_int=\count307
\l__siunitx_number_round_precision_int=\count308
\l__siunitx_number_lower_threshold_int=\count309
\l__siunitx_number_upper_threshold_int=\count310
\l__siunitx_number_group_first_int=\count311
\l__siunitx_number_group_size_int=\count312
\l__siunitx_number_group_minimum_int=\count313
\l__siunitx_angle_tmp_dim=\dimen194
\l__siunitx_angle_marker_box=\box59
\l__siunitx_angle_unit_box=\box60
\l__siunitx_compound_count_int=\count314

(/usr/local/texlive/2024/texmf-dist/tex/latex/translations/translations.sty
Package: translations 2022/02/05 v1.12 internationalization of LaTeX2e packages
 (CN)
)
\l__siunitx_table_tmp_box=\box61
\l__siunitx_table_tmp_dim=\dimen195
\l__siunitx_table_column_width_dim=\dimen196
\l__siunitx_table_integer_box=\box62
\l__siunitx_table_decimal_box=\box63
\l__siunitx_table_uncert_box=\box64
\l__siunitx_table_before_box=\box65
\l__siunitx_table_after_box=\box66
\l__siunitx_table_before_dim=\dimen197
\l__siunitx_table_carry_dim=\dimen198
\l__siunitx_unit_tmp_int=\count315
\l__siunitx_unit_position_int=\count316
\l__siunitx_unit_total_int=\count317
)
(/usr/local/texlive/2024/texmf-dist/tex/latex/markdown/markdown.sty
(/usr/local/texlive/2024/texmf-dist/tex/latex/l3kernel/expl3.sty
Package: expl3 2024-02-20 L3 programming layer (loader) 

(/usr/local/texlive/2024/texmf-dist/tex/latex/l3backend/l3backend-pdftex.def
File: l3backend-pdftex.def 2024-02-20 L3 backend support: PDF output (pdfTeX)
\l__color_backend_stack_int=\count318
\l__pdf_internal_box=\box67
))
(/usr/local/texlive/2024/texmf-dist/tex/generic/markdown/markdown.tex
(/usr/local/texlive/2024/texmf-dist/tex/generic/lt3luabridge/lt3luabridge.tex
\g_luabridge_method_int=\count319

Package luabridge Info: Using shell escape as the bridging method

)
\markdownInputFileStream=\read2
\markdownOutputFileStream=\write4
)
\markdownOptionFrozenCacheCounter=\count320
Package: markdown 2024-03-09 v3.4.2-0-ga45cf0ed markdown renderer
)

Package markdown Info: Loading LaTeX Markdown theme witiko/markdown/defaults


(/usr/local/texlive/2024/texmf-dist/tex/latex/markdown/markdownthemewitiko_mark
down_defaults.sty
Package: markdownthemewitiko_markdown_defaults 2024/01/03

Package markdown Info: Loading plain TeX Markdown theme
(markdown)             witiko/markdown/defaults


(/usr/local/texlive/2024/texmf-dist/tex/generic/markdown/markdownthemewitiko_ma
rkdown_defaults.tex)
(/usr/local/texlive/2024/texmf-dist/tex/latex/paralist/paralist.sty
Package: paralist 2017/01/22 v2.7 Extended list environments
\pltopsep=\skip65
\plpartopsep=\skip66
\plitemsep=\skip67
\plparsep=\skip68
\pl@lab=\toks28
)
(/usr/local/texlive/2024/texmf-dist/tex/latex/csvsimple/csvsimple.sty
Package: csvsimple 2024/01/19 v2.6.0 LaTeX CSV file processing
)
(/usr/local/texlive/2024/texmf-dist/tex/latex/csvsimple/csvsimple-legacy.sty
Package: csvsimple-legacy 2024/01/19 version 2.6.0 LaTeX2e CSV file processing

(/usr/local/texlive/2024/texmf-dist/tex/latex/pgf/utilities/pgfrcs.sty
(/usr/local/texlive/2024/texmf-dist/tex/generic/pgf/utilities/pgfutil-common.te
x
\pgfutil@everybye=\toks29
\pgfutil@tempdima=\dimen199
\pgfutil@tempdimb=\dimen256
)
(/usr/local/texlive/2024/texmf-dist/tex/generic/pgf/utilities/pgfutil-latex.def
\pgfutil@abb=\box68
) (/usr/local/texlive/2024/texmf-dist/tex/generic/pgf/utilities/pgfrcs.code.tex
(/usr/local/texlive/2024/texmf-dist/tex/generic/pgf/pgf.revision.tex)
Package: pgfrcs 2023-01-15 v3.1.10 (3.1.10)
))
(/usr/local/texlive/2024/texmf-dist/tex/latex/pgf/utilities/pgfkeys.sty
(/usr/local/texlive/2024/texmf-dist/tex/generic/pgf/utilities/pgfkeys.code.tex
\pgfkeys@pathtoks=\toks30
\pgfkeys@temptoks=\toks31

(/usr/local/texlive/2024/texmf-dist/tex/generic/pgf/utilities/pgfkeyslibraryfil
tered.code.tex
\pgfkeys@tmptoks=\toks32
))) (/usr/local/texlive/2024/texmf-dist/tex/latex/base/ifthen.sty
Package: ifthen 2022/04/13 v1.1d Standard LaTeX ifthen package (DPC)
) (/usr/local/texlive/2024/texmf-dist/tex/latex/tools/shellesc.sty
Package: shellesc 2023/07/08 v1.0d unified shell escape interface for LaTeX
Package shellesc Info: Restricted shell escape enabled on input line 77.
)
\csv@file=\read3
\c@csvinputline=\count321
\c@csvrow=\count322
\c@csvcol=\count323
\csv@out=\write5
)
(/usr/local/texlive/2024/texmf-dist/tex/latex/fancyvrb/fancyvrb.sty
Package: fancyvrb 2024/01/20 4.5c verbatim text (tvz,hv)
\FV@CodeLineNo=\count324
\FV@InFile=\read4
\FV@TabBox=\box69
\c@FancyVerbLine=\count325
\FV@StepNumber=\count326
\FV@OutFile=\write6
)
\markdownLaTeXCitationsCounter=\count327

(/usr/local/texlive/2024/texmf-dist/tex/generic/gobble/gobble.sty
Package: gobble 2019/01/04 v0.2 Provides more gobble macros

(/usr/local/texlive/2024/texmf-dist/tex/generic/gobble/gobble.tex))
\markdownLaTeXRowCounter=\count328
\markdownLaTeXRowTotal=\count329
\markdownLaTeXColumnCounter=\count330
\markdownLaTeXColumnTotal=\count331
\markdownLaTeXTable=\toks33
\markdownLaTeXTableAlignment=\toks34
\markdownLaTeXTableEnd=\toks35
)
\c@theorem=\count332
\c@proposition=\count333
\c@lemma=\count334
\c@hyp=\count335
\c@subhyp=\count336
Package translations Info: No language package found. I am going to use `englis
h' as default language. on input line 27.

No file main.aux.
\openout1 = `main.aux'.

LaTeX Font Info:    Checking defaults for OML/cmm/m/it on input line 27.
LaTeX Font Info:    ... okay on input line 27.
LaTeX Font Info:    Checking defaults for OMS/cmsy/m/n on input line 27.
LaTeX Font Info:    ... okay on input line 27.
LaTeX Font Info:    Checking defaults for OT1/cmr/m/n on input line 27.
LaTeX Font Info:    ... okay on input line 27.
LaTeX Font Info:    Checking defaults for T1/cmr/m/n on input line 27.
LaTeX Font Info:    ... okay on input line 27.
LaTeX Font Info:    Checking defaults for TS1/cmr/m/n on input line 27.
LaTeX Font Info:    ... okay on input line 27.
LaTeX Font Info:    Checking defaults for OMX/cmex/m/n on input line 27.
LaTeX Font Info:    ... okay on input line 27.
LaTeX Font Info:    Checking defaults for U/cmr/m/n on input line 27.
LaTeX Font Info:    ... okay on input line 27.
LaTeX Font Info:    Checking defaults for PD1/pdf/m/n on input line 27.
LaTeX Font Info:    ... okay on input line 27.
LaTeX Font Info:    Checking defaults for PU/pdf/m/n on input line 27.
LaTeX Font Info:    ... okay on input line 27.
*geometry* driver: auto-detecting
*geometry* detected driver: pdftex
*geometry* verbose mode - [ preamble ] result:
* driver: pdftex
* paper: <default>
* layout: <same size as paper>
* layoutoffset:(h,v)=(0.0pt,0.0pt)
* modes: 
* h-part:(L,W,R)=(72.26999pt, 469.75502pt, 72.26999pt)
* v-part:(T,H,B)=(72.26999pt, 650.43001pt, 72.26999pt)
* \paperwidth=614.295pt
* \paperheight=794.96999pt
* \textwidth=469.75502pt
* \textheight=650.43001pt
* \oddsidemargin=0.0pt
* \evensidemargin=0.0pt
* \topmargin=-37.0pt
* \headheight=12.0pt
* \headsep=25.0pt
* \topskip=12.0pt
* \footskip=30.0pt
* \marginparwidth=44.0pt
* \marginparsep=10.0pt
* \columnsep=10.0pt
* \skip\footins=10.8pt plus 4.0pt minus 2.0pt
* \hoffset=0.0pt
* \voffset=0.0pt
* \mag=1000
* \@twocolumnfalse
* \@twosidefalse
* \@mparswitchfalse
* \@reversemarginfalse
* (1in=72.27pt=25.4mm, 1cm=28.453pt)

(/usr/local/texlive/2024/texmf-dist/tex/context/base/mkii/supp-pdf.mkii
[Loading MPS to PDF converter (version 2006.09.02).]
\scratchcounter=\count337
\scratchdimen=\dimen257
\scratchbox=\box70
\nofMPsegments=\count338
\nofMParguments=\count339
\everyMPshowfont=\toks36
\MPscratchCnt=\count340
\MPscratchDim=\dimen258
\MPnumerator=\count341
\makeMPintoPDFobject=\count342
\everyMPtoPDFconversion=\toks37
) (/usr/local/texlive/2024/texmf-dist/tex/latex/epstopdf-pkg/epstopdf-base.sty
Package: epstopdf-base 2020-01-24 v2.11 Base part for package epstopdf
Package epstopdf-base Info: Redefining graphics rule for `.eps' on input line 4
85.

(/usr/local/texlive/2024/texmf-dist/tex/latex/latexconfig/epstopdf-sys.cfg
File: epstopdf-sys.cfg 2010/07/13 v1.3 Configuration of (r)epstopdf for TeX Liv
e
))
Package caption Info: Begin \AtBeginDocument code.
Package caption Info: hyperref package is loaded.
Package caption Info: subfigure package is loaded.
Package caption Info: End \AtBeginDocument code.
Package hyperref Info: Link coloring OFF on input line 27.
\@outlinefile=\write7
\openout7 = `main.out'.


(/usr/local/texlive/2024/texmf-dist/tex/latex/translations/translations-basic-d
ictionary-english.trsl
File: translations-basic-dictionary-english.trsl (english translation file `tra
nslations-basic-dictionary')
)
Package translations Info: loading dictionary `translations-basic-dictionary' f
or `english'. on input line 27.
LaTeX Font Info:    Trying to load font information for U+msa on input line 34.


(/usr/local/texlive/2024/texmf-dist/tex/latex/amsfonts/umsa.fd
File: umsa.fd 2013/01/14 v3.01 AMS symbols A
)
LaTeX Font Info:    Trying to load font information for U+msb on input line 34.


(/usr/local/texlive/2024/texmf-dist/tex/latex/amsfonts/umsb.fd
File: umsb.fd 2013/01/14 v3.01 AMS symbols B
)
Underfull \hbox (badness 10000) in paragraph at lines 35--38

 []


Underfull \hbox (badness 10000) in paragraph at lines 40--42

 []

[0

{/usr/local/texlive/2024/texmf-var/fonts/map/pdftex/updmap/pdftex.map}{/usr/loc
al/texlive/2024/texmf-dist/fonts/enc/dvips/cm-super/cm-super-ts1.enc}]

Package natbib Warning: Citation `Houseman2001' on page 1 undefined on input li
ne 54.


Package natbib Warning: Citation `Houseman2003' on page 1 undefined on input li
ne 54.


Package natbib Warning: Citation `Autor2001' on page 1 undefined on input line 
54.


Package natbib Warning: Citation `Autor2010' on page 1 undefined on input line 
54.


Package natbib Warning: Citation `autor2017' on page 1 undefined on input line 
54.


Package natbib Warning: Citation `drenik2020' on page 1 undefined on input line
 54.

[1]

Package natbib Warning: Citation `Sato2021' on page 2 undefined on input line 6
2.


Package natbib Warning: Citation `Nocke2018' on page 2 undefined on input line 
62.


Package natbib Warning: Citation `Berry1995' on page 2 undefined on input line 
64.


Package natbib Warning: Citation `GandhiJean-FrancoisHoude2019' on page 2 undef
ined on input line 64.


Package natbib Warning: Citation `Conlon2020' on page 2 undefined on input line
 64.

[2]
<figuretable/descriptives/aggregate/time_series/top5_sales_share.png, id=26, 28
9.08pt x 216.81pt>
File: figuretable/descriptives/aggregate/time_series/top5_sales_share.png Graph
ic file (type png)
<use figuretable/descriptives/aggregate/time_series/top5_sales_share.png>
Package pdftex.def Info: figuretable/descriptives/aggregate/time_series/top5_sa
les_share.png  used on input line 89.
(pdftex.def)             Requested size: 211.38832pt x 158.54124pt.
<figuretable/descriptives/aggregate/cross_section/platforms_cummulative.png, id
=27, 289.08pt x 216.81pt>
File: figuretable/descriptives/aggregate/cross_section/platforms_cummulative.pn
g Graphic file (type png)
<use figuretable/descriptives/aggregate/cross_section/platforms_cummulative.png
>
Package pdftex.def Info: figuretable/descriptives/aggregate/cross_section/platf
orms_cummulative.png  used on input line 92.
(pdftex.def)             Requested size: 211.38832pt x 158.54124pt.
<figuretable/descriptives/aggregate/cross_section/netwage_pt_histogram.png, id=
28, 289.08pt x 216.81pt>
File: figuretable/descriptives/aggregate/cross_section/netwage_pt_histogram.png
 Graphic file (type png)
<use figuretable/descriptives/aggregate/cross_section/netwage_pt_histogram.png>

Package pdftex.def Info: figuretable/descriptives/aggregate/cross_section/netwa
ge_pt_histogram.png  used on input line 101.
(pdftex.def)             Requested size: 211.38832pt x 158.54124pt.
<figuretable/descriptives/aggregate/cross_section/netwage_mw_histogram.png, id=
29, 289.08pt x 216.81pt>
File: figuretable/descriptives/aggregate/cross_section/netwage_mw_histogram.png
 Graphic file (type png)
<use figuretable/descriptives/aggregate/cross_section/netwage_mw_histogram.png>

Package pdftex.def Info: figuretable/descriptives/aggregate/cross_section/netwa
ge_mw_histogram.png  used on input line 104.
(pdftex.def)             Requested size: 211.38832pt x 158.54124pt.
 [3 <./figuretable/descriptives/aggregate/time_series/top5_sales_share.png (PNG
 copy)> <./figuretable/descriptives/aggregate/cross_section/platforms_cummulati
ve.png (PNG copy)>]

LaTeX Warning: Reference `fig:market_concentration_national' on page 4 undefine
d on input line 116.


LaTeX Warning: Reference `fig:market_concentration_local' on page 4 undefined o
n input line 116.


LaTeX Warning: Reference `fig:wage_distribution_parttime' on page 4 undefined o
n input line 116.


LaTeX Warning: Reference `fig:wage_distribution_minimum' on page 4 undefined on
 input line 116.


Package natbib Warning: Citation `Sato2021' on page 4 undefined on input line 1
20.


Package natbib Warning: Citation `Nocke2018' on page 4 undefined on input line 
120.

[4 <./figuretable/descriptives/aggregate/cross_section/netwage_pt_histogram.png
 (PNG copy)> <./figuretable/descriptives/aggregate/cross_section/netwage_mw_his
togram.png (PNG copy)>] [5] [6]

LaTeX Warning: Reference `eq: network_w' on page 7 undefined on input line 179.



LaTeX Warning: Reference `eq: network_f' on page 7 undefined on input line 179.



LaTeX Warning: Reference `subsec:network_characterization' on page 7 undefined 
on input line 179.

[7]

Package natbib Warning: Citation `Sato2021' on page 8 undefined on input line 2
03.


Package natbib Warning: Citation `Sato2021' on page 8 undefined on input line 2
03.


LaTeX Warning: Reference `eq:matching_function' on page 8 undefined on input li
ne 213.


Package natbib Warning: Citation `Berry1995' on page 8 undefined on input line 
220.


Package natbib Warning: Citation `GandhiJean-FrancoisHoude2019' on page 8 undef
ined on input line 220.


Package natbib Warning: Citation `Conlon2020' on page 8 undefined on input line
 220.

[8]

LaTeX Warning: Reference `eq:THS_demand_worker' on page 9 undefined on input li
ne 230.


LaTeX Warning: Reference `eq:THS_demand_firm' on page 9 undefined on input line
 230.


LaTeX Warning: Reference `eq:matching_function_empirical' on page 9 undefined o
n input line 243.

[9]

LaTeX Warning: Reference `eq:THS_demand_worker' on page 10 undefined on input l
ine 269.


LaTeX Warning: Reference `eq:THS_demand_firm' on page 10 undefined on input lin
e 269.

[10]

LaTeX Warning: Reference `eq:foc_w' on page 11 undefined on input line 289.


LaTeX Warning: Reference `eq:foc_f' on page 11 undefined on input line 289.


LaTeX Warning: Reference `appendix:marginal_cost_derivation' on page 11 undefin
ed on input line 289.

[11]

LaTeX Warning: Reference `eq:gmm_objective' on page 12 undefined on input line 
314.

[12]

Package natbib Warning: Citation `Adachi2020' on page 13 undefined on input lin
e 332.


Package natbib Warning: Citation `Adachi2020' on page 13 undefined on input lin
e 332.


LaTeX Warning: Reference `eq:marginal_cost' on page 13 undefined on input line 
334.


LaTeX Warning: Reference `appendix:marginal_cost_derivation' on page 13 undefin
ed on input line 334.

[13]
(./figuretable/descriptives/aggregate/cross_section/summary_stat_market.tex)
(./figuretable/descriptives/summary_stat_establishment.tex)
Overfull \hbox (6.4563pt too wide) in paragraph at lines 2--358
 [][] 
 []


LaTeX Warning: Reference `tab:num_establishments' on page 14 undefined on input
 line 363.


LaTeX Warning: Reference `tab:summary_stat_establishment' on page 14 undefined 
on input line 366.

[14]
<figuretable/estimate_competition_impact/wage_2SLS_firmFE.png, id=172, 289.08pt
 x 216.81pt>
File: figuretable/estimate_competition_impact/wage_2SLS_firmFE.png Graphic file
 (type png)
<use figuretable/estimate_competition_impact/wage_2SLS_firmFE.png>
Package pdftex.def Info: figuretable/estimate_competition_impact/wage_2SLS_firm
FE.png  used on input line 375.
(pdftex.def)             Requested size: 211.38832pt x 158.54124pt.
<figuretable/estimate_competition_impact/fee_2SLS_firmFE.png, id=173, 289.08pt 
x 216.81pt>
File: figuretable/estimate_competition_impact/fee_2SLS_firmFE.png Graphic file 
(type png)
<use figuretable/estimate_competition_impact/fee_2SLS_firmFE.png>
Package pdftex.def Info: figuretable/estimate_competition_impact/fee_2SLS_firmF
E.png  used on input line 376.
(pdftex.def)             Requested size: 211.38832pt x 158.54124pt.
<figuretable/estimate_competition_impact/margin_2SLS_firmFE.png, id=174, 289.08
pt x 216.81pt>
File: figuretable/estimate_competition_impact/margin_2SLS_firmFE.png Graphic fi
le (type png)
<use figuretable/estimate_competition_impact/margin_2SLS_firmFE.png>
Package pdftex.def Info: figuretable/estimate_competition_impact/margin_2SLS_fi
rmFE.png  used on input line 378.
(pdftex.def)             Requested size: 211.38832pt x 158.54124pt.


LaTeX Warning: Reference `eq:competition_impact' on page 15 undefined on input 
line 381.


LaTeX Warning: Reference `eq:competition_impact' on page 15 undefined on input 
line 381.


Package natbib Warning: Citation `Bresnahan1990' on page 15 undefined on input 
line 384.


Package natbib Warning: Citation `Bresnahan1991' on page 15 undefined on input 
line 384.


Package natbib Warning: Citation `Sutton2007' on page 15 undefined on input lin
e 384.

[15] [16 <./figuretable/estimate_competition_impact/wage_2SLS_firmFE.png (PNG c
opy)> <./figuretable/estimate_competition_impact/fee_2SLS_firmFE.png (PNG copy)
> <./figuretable/estimate_competition_impact/margin_2SLS_firmFE.png (PNG copy)>
] [17]

LaTeX Warning: Reference `fig:competition_impact' on page 18 undefined on input
 line 395.


LaTeX Warning: Reference `subfig:wage' on page 18 undefined on input line 395.


LaTeX Warning: Reference `subfig:fee' on page 18 undefined on input line 395.

(./figuretable/estimate_demand_reduced_form/2SLS_firmFE.tex)

LaTeX Warning: Reference `eq:reduced_form_demand_w' on page 18 undefined on inp
ut line 404.


LaTeX Warning: Reference `eq:reduced_form_demand_f' on page 18 undefined on inp
ut line 404.


LaTeX Warning: Reference `eq:reduced_form_demand_w' on page 18 undefined on inp
ut line 404.


LaTeX Warning: Reference `eq:reduced_form_demand_f' on page 18 undefined on inp
ut line 404.

[18]

LaTeX Warning: Reference `sec:model' on page 19 undefined on input line 419.


LaTeX Warning: Reference `tab:demand_estimation_reduced_form' on page 19 undefi
ned on input line 424.


LaTeX Warning: Reference `eq:reduced_form_demand_w' on page 19 undefined on inp
ut line 424.


LaTeX Warning: Reference `eq:reduced_form_demand_f' on page 19 undefined on inp
ut line 424.

[19] (./figuretable/estimate_matching_function/result_firmFE.tex)

LaTeX Warning: Reference `eq:matching_function_empirical' on page 20 undefined 
on input line 437.


LaTeX Warning: Reference `eq:matching_function_empirical' on page 20 undefined 
on input line 437.


LaTeX Warning: Reference `tab:matching_function_estimation_result' on page 20 u
ndefined on input line 441.

(./figuretable/estimate_structural_parameters/parameters_demand_dist_IV.tex)

LaTeX Warning: Reference `eq:establishment_characteristics_worker' on page 20 u
ndefined on input line 450.


LaTeX Warning: Reference `eq:establishment_characteristics_firm' on page 20 und
efined on input line 450.


LaTeX Warning: Reference `eq:establishment_characteristics_worker' on page 20 u
ndefined on input line 450.


LaTeX Warning: Reference `eq:establishment_characteristics_firm' on page 20 und
efined on input line 450.

[20] (./figuretable/estimate_structural_parameters/parameters_cost_dist_IV.tex)

LaTeX Warning: Reference `eq:marginal_cost_worker' on page 21 undefined on inpu
t line 458.


LaTeX Warning: Reference `eq:marginal_cost_firm' on page 21 undefined on input 
line 458.


LaTeX Warning: Reference `eq:marginal_cost_worker' on page 21 undefined on inpu
t line 458.


LaTeX Warning: Reference `eq:marginal_cost_firm' on page 21 undefined on input 
line 458.


LaTeX Warning: Reference `tab:demand_estimation_result' on page 21 undefined on
 input line 461.


LaTeX Warning: Reference `tab:supply_estimation_result' on page 21 undefined on
 input line 463.


(./figuretable/estimate_structural_parameters/elasticity_decomposition_dist_IV.
tex)

LaTeX Warning: Reference `eq:network_decomposition' on page 21 undefined on inp
ut line 471.


LaTeX Warning: Reference `eq:network_decomposition' on page 21 undefined on inp
ut line 471.

[21]

LaTeX Warning: Reference `eq:network_decomposition' on page 22 undefined on inp
ut line 483.

[22]

LaTeX Warning: Reference `tab:elasticity_decomposition' on page 23 undefined on
 input line 498.

(./figuretable/simulate_margin_constraint/parameters_hypothetical_market.tex)

LaTeX Warning: Reference `tab:parameters_hypothetical_market' on page 23 undefi
ned on input line 535.

[23]
<figuretable/simulate_margin_constraint/wage.png, id=246, 289.08pt x 216.81pt>
File: figuretable/simulate_margin_constraint/wage.png Graphic file (type png)
<use figuretable/simulate_margin_constraint/wage.png>
Package pdftex.def Info: figuretable/simulate_margin_constraint/wage.png  used 
on input line 563.
(pdftex.def)             Requested size: 211.38832pt x 158.54124pt.
<figuretable/simulate_margin_constraint/fee.png, id=247, 289.08pt x 216.81pt>
File: figuretable/simulate_margin_constraint/fee.png Graphic file (type png)
<use figuretable/simulate_margin_constraint/fee.png>
Package pdftex.def Info: figuretable/simulate_margin_constraint/fee.png  used o
n input line 564.
(pdftex.def)             Requested size: 211.38832pt x 158.54124pt.
 [24]
<figuretable/simulate_margin_constraint/worker_share.png, id=258, 289.08pt x 21
6.81pt>
File: figuretable/simulate_margin_constraint/worker_share.png Graphic file (typ
e png)
<use figuretable/simulate_margin_constraint/worker_share.png>
Package pdftex.def Info: figuretable/simulate_margin_constraint/worker_share.pn
g  used on input line 572.
(pdftex.def)             Requested size: 211.38832pt x 158.54124pt.
<figuretable/simulate_margin_constraint/firm_share.png, id=259, 289.08pt x 216.
81pt>
File: figuretable/simulate_margin_constraint/firm_share.png Graphic file (type 
png)
<use figuretable/simulate_margin_constraint/firm_share.png>
Package pdftex.def Info: figuretable/simulate_margin_constraint/firm_share.png 
 used on input line 573.
(pdftex.def)             Requested size: 211.38832pt x 158.54124pt.
<figuretable/simulate_margin_constraint/constrained_fraction.png, id=260, 289.0
8pt x 216.81pt>
File: figuretable/simulate_margin_constraint/constrained_fraction.png Graphic f
ile (type png)
<use figuretable/simulate_margin_constraint/constrained_fraction.png>
Package pdftex.def Info: figuretable/simulate_margin_constraint/constrained_fra
ction.png  used on input line 581.
(pdftex.def)             Requested size: 234.8775pt x 176.15768pt.
<figuretable/simulate_margin_constraint/wage_actual_market.png, id=261, 289.08p
t x 216.81pt>
File: figuretable/simulate_margin_constraint/wage_actual_market.png Graphic fil
e (type png)
<use figuretable/simulate_margin_constraint/wage_actual_market.png>
Package pdftex.def Info: figuretable/simulate_margin_constraint/wage_actual_mar
ket.png  used on input line 589.
(pdftex.def)             Requested size: 211.38832pt x 158.54124pt.
<figuretable/simulate_margin_constraint/fee_actual_market.png, id=262, 289.08pt
 x 216.81pt>
File: figuretable/simulate_margin_constraint/fee_actual_market.png Graphic file
 (type png)
<use figuretable/simulate_margin_constraint/fee_actual_market.png>
Package pdftex.def Info: figuretable/simulate_margin_constraint/fee_actual_mark
et.png  used on input line 590.
(pdftex.def)             Requested size: 211.38832pt x 158.54124pt.
<figuretable/simulate_margin_constraint/worker_share_actual_market.png, id=263,
 289.08pt x 216.81pt>
File: figuretable/simulate_margin_constraint/worker_share_actual_market.png Gra
phic file (type png)
<use figuretable/simulate_margin_constraint/worker_share_actual_market.png>
Package pdftex.def Info: figuretable/simulate_margin_constraint/worker_share_ac
tual_market.png  used on input line 597.
(pdftex.def)             Requested size: 211.38832pt x 158.54124pt.
<figuretable/simulate_margin_constraint/firm_share_actual_market.png, id=264, 2
89.08pt x 216.81pt>
File: figuretable/simulate_margin_constraint/firm_share_actual_market.png Graph
ic file (type png)
<use figuretable/simulate_margin_constraint/firm_share_actual_market.png>
Package pdftex.def Info: figuretable/simulate_margin_constraint/firm_share_actu
al_market.png  used on input line 598.
(pdftex.def)             Requested size: 211.38832pt x 158.54124pt.


LaTeX Warning: Reference `eq:worker_surplus' on page 25 undefined on input line
 607.


LaTeX Warning: Reference `eq:market_level_surplus' on page 25 undefined on inpu
t line 607.


LaTeX Warning: Reference `eq:worker_surplus' on page 25 undefined on input line
 607.


LaTeX Warning: Reference `eq:market_level_surplus' on page 25 undefined on inpu
t line 607.

[25 <./figuretable/simulate_margin_constraint/wage.png> <./figuretable/simulate
_margin_constraint/fee.png>] [26 <./figuretable/simulate_margin_constraint/work
er_share.png> <./figuretable/simulate_margin_constraint/firm_share.png> <./figu
retable/simulate_margin_constraint/constrained_fraction.png>] [27 <./figuretabl
e/simulate_margin_constraint/wage_actual_market.png> <./figuretable/simulate_ma
rgin_constraint/fee_actual_market.png> <./figuretable/simulate_margin_constrain
t/worker_share_actual_market.png> <./figuretable/simulate_margin_constraint/fir
m_share_actual_market.png>]

LaTeX Warning: Reference `fig:margin_constraint_price_impact' on page 28 undefi
ned on input line 632.


LaTeX Warning: Reference `fig:margin_constraint_share_impact' on page 28 undefi
ned on input line 632.


LaTeX Warning: Reference `fig:frac_constrained_margin' on page 28 undefined on 
input line 635.


LaTeX Warning: Reference `fig:margin_constraint_price_impact_actual' on page 28
 undefined on input line 637.


LaTeX Warning: Reference `fig:margin_constraint_share_impact_actual' on page 28
 undefined on input line 637.


LaTeX Warning: Reference `fig:margin_constraint_welfare_impact' on page 28 unde
fined on input line 637.

<figuretable/simulate_minimum_wage/wage.png, id=307, 289.08pt x 216.81pt>
File: figuretable/simulate_minimum_wage/wage.png Graphic file (type png)
<use figuretable/simulate_minimum_wage/wage.png>
Package pdftex.def Info: figuretable/simulate_minimum_wage/wage.png  used on in
put line 644.
(pdftex.def)             Requested size: 211.38832pt x 158.54124pt.
<figuretable/simulate_minimum_wage/fee.png, id=308, 289.08pt x 216.81pt>
File: figuretable/simulate_minimum_wage/fee.png Graphic file (type png)
<use figuretable/simulate_minimum_wage/fee.png>
Package pdftex.def Info: figuretable/simulate_minimum_wage/fee.png  used on inp
ut line 645.
(pdftex.def)             Requested size: 211.38832pt x 158.54124pt.
<figuretable/simulate_minimum_wage/net_price.png, id=309, 289.08pt x 216.81pt>
File: figuretable/simulate_minimum_wage/net_price.png Graphic file (type png)
<use figuretable/simulate_minimum_wage/net_price.png>
Package pdftex.def Info: figuretable/simulate_minimum_wage/net_price.png  used 
on input line 647.
(pdftex.def)             Requested size: 211.38832pt x 158.54124pt.
<figuretable/simulate_minimum_wage/worker_share.png, id=310, 289.08pt x 216.81p
t>
File: figuretable/simulate_minimum_wage/worker_share.png Graphic file (type png
)
<use figuretable/simulate_minimum_wage/worker_share.png>
Package pdftex.def Info: figuretable/simulate_minimum_wage/worker_share.png  us
ed on input line 655.
(pdftex.def)             Requested size: 211.38832pt x 158.54124pt.
<figuretable/simulate_minimum_wage/firm_share.png, id=311, 289.08pt x 216.81pt>

File: figuretable/simulate_minimum_wage/firm_share.png Graphic file (type png)
<use figuretable/simulate_minimum_wage/firm_share.png>
Package pdftex.def Info: figuretable/simulate_minimum_wage/firm_share.png  used
 on input line 656.
(pdftex.def)             Requested size: 211.38832pt x 158.54124pt.
<figuretable/simulate_minimum_wage/constrained_fraction.png, id=312, 289.08pt x
 216.81pt>
File: figuretable/simulate_minimum_wage/constrained_fraction.png Graphic file (
type png)
<use figuretable/simulate_minimum_wage/constrained_fraction.png>
Package pdftex.def Info: figuretable/simulate_minimum_wage/constrained_fraction
.png  used on input line 665.
(pdftex.def)             Requested size: 211.38832pt x 158.54124pt.
<figuretable/simulate_minimum_wage/wage_actual_market.png, id=313, 289.08pt x 2
16.81pt>
File: figuretable/simulate_minimum_wage/wage_actual_market.png Graphic file (ty
pe png)
<use figuretable/simulate_minimum_wage/wage_actual_market.png>
Package pdftex.def Info: figuretable/simulate_minimum_wage/wage_actual_market.p
ng  used on input line 672.
(pdftex.def)             Requested size: 211.38832pt x 158.54124pt.
<figuretable/simulate_minimum_wage/fee_actual_market.png, id=314, 289.08pt x 21
6.81pt>
File: figuretable/simulate_minimum_wage/fee_actual_market.png Graphic file (typ
e png)
<use figuretable/simulate_minimum_wage/fee_actual_market.png>
Package pdftex.def Info: figuretable/simulate_minimum_wage/fee_actual_market.pn
g  used on input line 673.
(pdftex.def)             Requested size: 211.38832pt x 158.54124pt.
<figuretable/simulate_minimum_wage/worker_share_actual_market.png, id=315, 289.
08pt x 216.81pt>
File: figuretable/simulate_minimum_wage/worker_share_actual_market.png Graphic 
file (type png)
<use figuretable/simulate_minimum_wage/worker_share_actual_market.png>
Package pdftex.def Info: figuretable/simulate_minimum_wage/worker_share_actual_
market.png  used on input line 680.
(pdftex.def)             Requested size: 211.38832pt x 158.54124pt.
<figuretable/simulate_minimum_wage/firm_share_actual_market.png, id=316, 289.08
pt x 216.81pt>
File: figuretable/simulate_minimum_wage/firm_share_actual_market.png Graphic fi
le (type png)
<use figuretable/simulate_minimum_wage/firm_share_actual_market.png>
Package pdftex.def Info: figuretable/simulate_minimum_wage/firm_share_actual_ma
rket.png  used on input line 681.
(pdftex.def)             Requested size: 211.38832pt x 158.54124pt.

LaTeX Warning: Reference `eq:worker_surplus' on page 28 undefined on input line
 689.


LaTeX Warning: Reference `eq:market_level_surplus' on page 28 undefined on inpu
t line 689.


LaTeX Warning: Reference `eq:worker_surplus' on page 28 undefined on input line
 689.


LaTeX Warning: Reference `eq:market_level_surplus' on page 28 undefined on inpu
t line 689.

[28] [29 <./figuretable/simulate_minimum_wage/wage.png> <./figuretable/simulate
_minimum_wage/fee.png> <./figuretable/simulate_minimum_wage/net_price.png>]
[30 <./figuretable/simulate_minimum_wage/worker_share.png> <./figuretable/simul
ate_minimum_wage/firm_share.png> <./figuretable/simulate_minimum_wage/constrain
ed_fraction.png>] [31 <./figuretable/simulate_minimum_wage/wage_actual_market.p
ng> <./figuretable/simulate_minimum_wage/fee_actual_market.png> <./figuretable/
simulate_minimum_wage/worker_share_actual_market.png> <./figuretable/simulate_m
inimum_wage/firm_share_actual_market.png>]

LaTeX Warning: Reference `fig:minimum_wage_price_impact' on page 32 undefined o
n input line 710.

[32]

LaTeX Warning: Reference `subfig:minimum_wage_netprice' on page 33 undefined on
 input line 712.


LaTeX Warning: Reference `fig:frac_constrained_minimum_wage' on page 33 undefin
ed on input line 717.


LaTeX Warning: Reference `fig:minimum_wage_price_impact_actual' on page 33 unde
fined on input line 717.


LaTeX Warning: Reference `fig:minimum_wage_share_impact_actual' on page 33 unde
fined on input line 717.


LaTeX Warning: Reference `fig:minimum_wage_welfare_impact' on page 33 undefined
 on input line 717.

(./figuretable/conduct_relevant_market_test/relevant_market_test.tex)
<figuretable/conduct_relevant_market_test/wage_increase_profit_gain_vs_market_s
ize.png, id=370, 289.08pt x 216.81pt>
File: figuretable/conduct_relevant_market_test/wage_increase_profit_gain_vs_mar
ket_size.png Graphic file (type png)
<use figuretable/conduct_relevant_market_test/wage_increase_profit_gain_vs_mark
et_size.png>
Package pdftex.def Info: figuretable/conduct_relevant_market_test/wage_increase
_profit_gain_vs_market_size.png  used on input line 731.
(pdftex.def)             Requested size: 211.38832pt x 158.54124pt.
<figuretable/conduct_relevant_market_test/fee_increase_profit_gain_vs_market_si
ze.png, id=371, 289.08pt x 216.81pt>
File: figuretable/conduct_relevant_market_test/fee_increase_profit_gain_vs_mark
et_size.png Graphic file (type png)
<use figuretable/conduct_relevant_market_test/fee_increase_profit_gain_vs_marke
t_size.png>
Package pdftex.def Info: figuretable/conduct_relevant_market_test/fee_increase_
profit_gain_vs_market_size.png  used on input line 732.
(pdftex.def)             Requested size: 211.38832pt x 158.54124pt.
<figuretable/conduct_relevant_market_test/wage_yesno.png, id=372, 289.08pt x 21
6.81pt>
File: figuretable/conduct_relevant_market_test/wage_yesno.png Graphic file (typ
e png)
<use figuretable/conduct_relevant_market_test/wage_yesno.png>
Package pdftex.def Info: figuretable/conduct_relevant_market_test/wage_yesno.pn
g  used on input line 740.
(pdftex.def)             Requested size: 211.38832pt x 158.54124pt.
<figuretable/conduct_relevant_market_test/fee_yesno.png, id=373, 289.08pt x 216
.81pt>
File: figuretable/conduct_relevant_market_test/fee_yesno.png Graphic file (type
 png)
<use figuretable/conduct_relevant_market_test/fee_yesno.png>
Package pdftex.def Info: figuretable/conduct_relevant_market_test/fee_yesno.png
  used on input line 741.
(pdftex.def)             Requested size: 211.38832pt x 158.54124pt.
 [33]
[34 <./figuretable/conduct_relevant_market_test/wage_increase_profit_gain_vs_ma
rket_size.png (PNG copy)> <./figuretable/conduct_relevant_market_test/fee_incre
ase_profit_gain_vs_market_size.png (PNG copy)> <./figuretable/conduct_relevant_
market_test/wage_yesno.png (PNG copy)> <./figuretable/conduct_relevant_market_t
est/fee_yesno.png (PNG copy)>]

LaTeX Warning: Reference `tab:relevant_market_test' on page 35 undefined on inp
ut line 760.


LaTeX Warning: Reference `fig:relevant_market_test_profit_gain_vs_market_size' 
on page 35 undefined on input line 762.

[35]

LaTeX Warning: Reference `fig:relevant_market_test_map' on page 36 undefined on
 input line 764.

[36]
No file main.bbl.

Overfull \hbox (36.23195pt too wide) detected at line 816
[]
 []

[37

] [38]

LaTeX Warning: Reference `eq:worker_network' on page 39 undefined on input line
 875.


LaTeX Warning: Reference `eq:firm_network' on page 39 undefined on input line 8
75.

[39]

Package natbib Warning: There were undefined citations.

[40] (./main.aux)
 ***********
LaTeX2e <2023-11-01> patch level 1
L3 programming layer <2024-02-20>
 ***********


LaTeX Warning: There were undefined references.


LaTeX Warning: Label(s) may have changed. Rerun to get cross-references right.


Package rerunfilecheck Warning: File `main.out' has changed.
(rerunfilecheck)                Rerun to get outlines right
(rerunfilecheck)                or use package `bookmark'.

Package rerunfilecheck Info: Checksums for `main.out':
(rerunfilecheck)             Before: <no file>
(rerunfilecheck)             After:  11A05601B63714B9BBBDC355E0B3C49C;5161.
 ) 
Here is how much of TeX's memory you used:
 20330 strings out of 474116
 435969 string characters out of 5743682
 1950187 words of memory out of 5000000
 42148 multiletter control sequences out of 15000+600000
 572515 words of font info for 91 fonts, out of 8000000 for 9000
 1141 hyphenation exceptions out of 8191
 101i,18n,103p,1875b,931s stack positions out of 10000i,1000n,20000p,200000b,200000s
</usr/local/texlive/2024/texmf-dist/fonts/type1/public/amsfonts/cm/cmbx10.pfb
></usr/local/texlive/2024/texmf-dist/fonts/type1/public/amsfonts/cm/cmbx12.pfb>
</usr/local/texlive/2024/texmf-dist/fonts/type1/public/amsfonts/cm/cmbx8.pfb></
usr/local/texlive/2024/texmf-dist/fonts/type1/public/amsfonts/cm/cmex10.pfb></u
sr/local/texlive/2024/texmf-dist/fonts/type1/public/amsfonts/cm/cmmi10.pfb></us
r/local/texlive/2024/texmf-dist/fonts/type1/public/amsfonts/cm/cmmi12.pfb></usr
/local/texlive/2024/texmf-dist/fonts/type1/public/amsfonts/cm/cmmi6.pfb></usr/l
ocal/texlive/2024/texmf-dist/fonts/type1/public/amsfonts/cm/cmmi7.pfb></usr/loc
al/texlive/2024/texmf-dist/fonts/type1/public/amsfonts/cm/cmmi8.pfb></usr/local
/texlive/2024/texmf-dist/fonts/type1/public/amsfonts/cm/cmr10.pfb></usr/local/t
exlive/2024/texmf-dist/fonts/type1/public/amsfonts/cm/cmr12.pfb></usr/local/tex
live/2024/texmf-dist/fonts/type1/public/amsfonts/cm/cmr17.pfb></usr/local/texli
ve/2024/texmf-dist/fonts/type1/public/amsfonts/cm/cmr6.pfb></usr/local/texlive/
2024/texmf-dist/fonts/type1/public/amsfonts/cm/cmr7.pfb></usr/local/texlive/202
4/texmf-dist/fonts/type1/public/amsfonts/cm/cmr8.pfb></usr/local/texlive/2024/t
exmf-dist/fonts/type1/public/amsfonts/cm/cmsy10.pfb></usr/local/texlive/2024/te
xmf-dist/fonts/type1/public/amsfonts/cm/cmsy6.pfb></usr/local/texlive/2024/texm
f-dist/fonts/type1/public/amsfonts/cm/cmsy8.pfb></usr/local/texlive/2024/texmf-
dist/fonts/type1/public/amsfonts/cm/cmti10.pfb></usr/local/texlive/2024/texmf-d
ist/fonts/type1/public/amsfonts/cm/cmtt10.pfb></usr/local/texlive/2024/texmf-di
st/fonts/type1/public/amsfonts/symbols/msbm10.pfb></usr/local/texlive/2024/texm
f-dist/fonts/type1/public/cm-super/sfrm0700.pfb></usr/local/texlive/2024/texmf-
dist/fonts/type1/public/cm-super/sfrm1000.pfb></usr/local/texlive/2024/texmf-di
st/fonts/type1/public/cm-super/sfrm1440.pfb>
Output written on main.pdf (41 pages, 1761488 bytes).
PDF statistics:
 603 PDF objects out of 1000 (max. 8388607)
 458 compressed objects within 5 object streams
 236 named destinations out of 1000 (max. 500000)
 151 words of extra memory for PDF output out of 10000 (max. 10000000)

